0 info it worked if it ends with ok
1 verbose cli [ 'D:\\ProgramsW7\\nodejs\\node.exe',
1 verbose cli   'D:\\ProgramsW7\\nodejs\\node_modules\\npm\\bin\\npm-cli.js',
1 verbose cli   'run',
1 verbose cli   'sass' ]
2 info using npm@3.10.10
3 info using node@v6.10.0
4 verbose run-script [ 'presass', 'sass', 'postsass' ]
5 info lifecycle modern_portfolio@1.0.0~presass: modern_portfolio@1.0.0
6 silly lifecycle modern_portfolio@1.0.0~presass: no script for presass, continuing
7 info lifecycle modern_portfolio@1.0.0~sass: modern_portfolio@1.0.0
8 verbose lifecycle modern_portfolio@1.0.0~sass: unsafe-perm in lifecycle true
9 verbose lifecycle modern_portfolio@1.0.0~sass: PATH: D:\ProgramsW7\nodejs\node_modules\npm\bin\node-gyp-bin;D:\Web project\Modern_portfolio\node_modules\.bin;D:\ProgramsW7\git\mingw64\bin;D:\ProgramsW7\git\usr\bin;C:\Users\chenjl\bin;C:\windows\system32;C:\windows;C:\windows\System32\Wbem;C:\windows\System32\WindowsPowerShell\v1.0;D:\ProgramsW7\nodejs;D:\ProgramsW7\Git\cmd;D:\ProgramsW7\Microsoft VS Code\bin;D:\programw7\git\git-bash.exe;C:\Users\chenjl\AppData\Roaming\npm;D:\ProgramsW7\cmder;D:\ProgramsW7\Microsoft VS Code\bin;D:\ProgramsW7\Nmap
10 verbose lifecycle modern_portfolio@1.0.0~sass: CWD: D:\Web project\Modern_portfolio
11 silly lifecycle modern_portfolio@1.0.0~sass: Args: [ '/d /s /c', 'node-sass -w scss/ -o dist/css/ --recursive' ]
12 silly lifecycle modern_portfolio@1.0.0~sass: Returned: code: 3221225477  signal: null
13 info lifecycle modern_portfolio@1.0.0~sass: Failed to exec sass script
14 verbose stack Error: modern_portfolio@1.0.0 sass: `node-sass -w scss/ -o dist/css/ --recursive`
14 verbose stack Exit status 3221225477
14 verbose stack     at EventEmitter.<anonymous> (D:\ProgramsW7\nodejs\node_modules\npm\lib\utils\lifecycle.js:255:16)
14 verbose stack     at emitTwo (events.js:106:13)
14 verbose stack     at EventEmitter.emit (events.js:191:7)
14 verbose stack     at ChildProcess.<anonymous> (D:\ProgramsW7\nodejs\node_modules\npm\lib\utils\spawn.js:40:14)
14 verbose stack     at emitTwo (events.js:106:13)
14 verbose stack     at ChildProcess.emit (events.js:191:7)
14 verbose stack     at maybeClose (internal/child_process.js:877:16)
14 verbose stack     at Process.ChildProcess._handle.onexit (internal/child_process.js:226:5)
15 verbose pkgid modern_portfolio@1.0.0
16 verbose cwd D:\Web project\Modern_portfolio
17 error Windows_NT 6.1.7601
18 error argv "D:\\ProgramsW7\\nodejs\\node.exe" "D:\\ProgramsW7\\nodejs\\node_modules\\npm\\bin\\npm-cli.js" "run" "sass"
19 error node v6.10.0
20 error npm  v3.10.10
21 error code ELIFECYCLE
22 error modern_portfolio@1.0.0 sass: `node-sass -w scss/ -o dist/css/ --recursive`
22 error Exit status 3221225477
23 error Failed at the modern_portfolio@1.0.0 sass script 'node-sass -w scss/ -o dist/css/ --recursive'.
23 error Make sure you have the latest version of node.js and npm installed.
23 error If you do, this is most likely a problem with the modern_portfolio package,
23 error not with npm itself.
23 error Tell the author that this fails on your system:
23 error     node-sass -w scss/ -o dist/css/ --recursive
23 error You can get information on how to open an issue for this project with:
23 error     npm bugs modern_portfolio
23 error Or if that isn't available, you can get their info via:
23 error     npm owner ls modern_portfolio
23 error There is likely additional logging output above.
24 verbose exit [ 1, true ]
